<?xml version="1.0" encoding="UTF-8"?>
<testng-results ignored="0" total="1" passed="1" failed="0" skipped="0">
  <reporter-output>
  </reporter-output>
  <suite started-at="2023-01-27T17:53:21 IST" name="Default suite" finished-at="2023-01-27T17:53:39 IST" duration-ms="18620">
    <groups>
    </groups>
    <test started-at="2023-01-27T17:53:21 IST" name="Default test" finished-at="2023-01-27T17:53:39 IST" duration-ms="18620">
      <class name="AssignmentWingify.ClassTest1">
        <test-method signature="VerifyPrice()[pri:0, instance:AssignmentWingify.ClassTest1@ea6147e]" started-at="2023-01-27T17:53:21 IST" name="VerifyPrice" finished-at="2023-01-27T17:53:39 IST" duration-ms="18566" status="PASS">
          <reporter-output>
          </reporter-output>
        </test-method> <!-- VerifyPrice -->
      </class> <!-- AssignmentWingify.ClassTest1 -->
    </test> <!-- Default test -->
  </suite> <!-- Default suite -->
</testng-results>
